<?xml version="1.0" encoding="UTF-8"?>
<coverage generated="1750104130042" clover="3.2.0">
  <project timestamp="1750104130045" name="All files">
    <metrics statements="6" coveredstatements="6" conditionals="0" coveredconditionals="0" methods="5" coveredmethods="5" elements="11" coveredelements="11" complexity="0" loc="6" ncloc="6" packages="1" files="1" classes="1"/>
    <file name="storage.js" path="/home/monkeydog/blog-extension/src/storage.js">
      <metrics statements="6" coveredstatements="6" conditionals="0" coveredconditionals="0" methods="5" coveredmethods="5"/>
      <line num="4" count="4" type="stmt"/>
      <line num="8" count="4" type="stmt"/>
      <line num="12" count="4" type="stmt"/>
      <line num="16" count="1" type="stmt"/>
      <line num="20" count="1" type="stmt"/>
      <line num="24" count="1" type="stmt"/>
    </file>
  </project>
</coverage>
