{"/home/monkeydog/blog-extension/src/storage.js": {"path":"/home/monkeydog/blog-extension/src/storage.js","statementMap":{"0":{"start":{"line":4,"column":4},"end":{"line":4,"column":21}},"1":{"start":{"line":8,"column":4},"end":{"line":8,"column":28}},"2":{"start":{"line":12,"column":4},"end":{"line":12,"column":27}},"3":{"start":{"line":16,"column":4},"end":{"line":16,"column":23}},"4":{"start":{"line":20,"column":4},"end":{"line":20,"column":27}},"5":{"start":{"line":24,"column":0},"end":{"line":24,"column":30}}},"fnMap":{"0":{"name":"(anonymous_0)","decl":{"start":{"line":3,"column":2},"end":{"line":3,"column":3}},"loc":{"start":{"line":3,"column":16},"end":{"line":5,"column":3}},"line":3},"1":{"name":"(anonymous_1)","decl":{"start":{"line":7,"column":2},"end":{"line":7,"column":3}},"loc":{"start":{"line":7,"column":18},"end":{"line":9,"column":3}},"line":7},"2":{"name":"(anonymous_2)","decl":{"start":{"line":11,"column":2},"end":{"line":11,"column":3}},"loc":{"start":{"line":11,"column":11},"end":{"line":13,"column":3}},"line":11},"3":{"name":"(anonymous_3)","decl":{"start":{"line":15,"column":2},"end":{"line":15,"column":3}},"loc":{"start":{"line":15,"column":9},"end":{"line":17,"column":3}},"line":15},"4":{"name":"(anonymous_4)","decl":{"start":{"line":19,"column":2},"end":{"line":19,"column":3}},"loc":{"start":{"line":19,"column":13},"end":{"line":21,"column":3}},"line":19}},"branchMap":{},"s":{"0":4,"1":4,"2":4,"3":1,"4":1,"5":1},"f":{"0":4,"1":4,"2":4,"3":1,"4":1},"b":{},"_coverageSchema":"1a1c01bbd47fc00a2c39e90264f33305004495a9","hash":"c9f66c2c036471514b5ccd6127596206a42e1b8a"}
}
